{"type":"server-started","port":64572,"host":"127.0.0.1","url_host":"localhost","url":"http://localhost:64572","screen_dir":"/Users/filippatrman/Documents/WEBY/Zakazky/trampolinycz/.superpowers/brainstorm/80712-1779987520/content","state_dir":"/Users/filippatrman/Documents/WEBY/Zakazky/trampolinycz/.superpowers/brainstorm/80712-1779987520/state"}
{"type":"screen-added","file":"/Users/filippatrman/Documents/WEBY/Zakazky/trampolinycz/.superpowers/brainstorm/80712-1779987520/content/scope.html"}
{"source":"user-event","type":"click","text":"A\n    \n      Velké texty\n      Nadpisy, popisy a labely jsou příliš velké — přetékají nebo vypadají neúměrně","choice":"typography","id":null,"timestamp":1779987578016}
{"source":"user-event","type":"click","text":"B\n    \n      Velké mezery\n      Sekce jsou příliš daleko od sebe, moc paddingu, moc prázdného místa","choice":"spacing","id":null,"timestamp":1779987580661}
{"source":"user-event","type":"click","text":"C\n    \n      Hero sekce\n      Úvodní část stránky — text na fotce, tlačítka","choice":"hero","id":null,"timestamp":1779987583592}
{"source":"user-event","type":"click","text":"D\n    \n      Karty a komponenty\n      EventCard, ServiceCard, TrainerCard — vnitřní padding, mezery uvnitř komponent","choice":"cards","id":null,"timestamp":1779987635445}
{"source":"user-event","type":"click","text":"F\n    \n      Navigace\n      Hamburger menu, výška navu, logo — nevypadá dobře","choice":"nav","id":null,"timestamp":1779987642743}
{"type":"screen-added","file":"/Users/filippatrman/Documents/WEBY/Zakazky/trampolinycz/.superpowers/brainstorm/80712-1779987520/content/nav-comparison.html"}
{"source":"user-event","type":"click","text":"Trampolíny\n        \n          \n          \n          \n        \n      \n      \n        \n          \n            TC Orionka · Liberec\n            Posouvej\n          \n        \n      \n      Výška navu: ~52px · logo 16px · hamburger menší\n    \n    \n      B — Kompaktní\n      py-3.5 padding, logo 16px. Standardní mobilní výška, víc prostoru pro obsah.","choice":"compact","id":null,"timestamp":1779987723597}
{"source":"user-event","type":"click","text":"Trampolíny\n        \n          \n          \n          \n        \n      \n      \n        \n          \n            TC Orionka · Liberec\n            Posouvej\n          \n        \n      \n      Výška navu: ~72px · hero text: 48px\n    \n    \n      A — Současný stav\n      py-6 padding, logo 24px. Hodně prostoru, ale nav zabírá velkou část obrazovky.","choice":"current","id":null,"timestamp":1779987724295}
{"source":"user-event","type":"click","text":"Trampolíny\n        \n          \n          \n          \n        \n      \n      \n        \n          \n            TC Orionka · Liberec\n            Posouvej\n          \n        \n      \n      Výška navu: ~52px · logo 16px · hamburger menší\n    \n    \n      B — Kompaktní\n      py-3.5 padding, logo 16px. Standardní mobilní výška, víc prostoru pro obsah.","choice":"compact","id":null,"timestamp":1779987724775}
{"source":"user-event","type":"click","text":"Trampolíny\n        \n          \n          \n          \n        \n      \n      \n        \n          \n            TC Orionka · Liberec\n            Posouvej\n          \n        \n      \n      Výška navu: ~44px · logo 14px · hamburger bez bg\n    \n    \n      C — Minimalistický\n      py-2.5 padding, logo 14px, hamburger bez pozadí. Velmi tenký, maximální prostor pro obsah.","choice":"minimal","id":null,"timestamp":1779987725375}
{"source":"user-event","type":"click","text":"Trampolíny\n        \n          \n          \n          \n        \n      \n      \n        \n          \n            TC Orionka · Liberec\n            Posouvej\n          \n        \n      \n      Výška navu: ~52px · logo 16px · hamburger menší\n    \n    \n      B — Kompaktní\n      py-3.5 padding, logo 16px. Standardní mobilní výška, víc prostoru pro obsah.","choice":"compact","id":null,"timestamp":1779987754677}
{"source":"user-event","type":"click","text":"Trampolíny\n        \n          \n          \n          \n        \n      \n      \n        \n          \n            TC Orionka · Liberec\n            Posouvej\n          \n        \n      \n      Výška navu: ~44px · logo 14px · hamburger bez bg\n    \n    \n      C — Minimalistický\n      py-2.5 padding, logo 14px, hamburger bez pozadí. Velmi tenký, maximální prostor pro obsah.","choice":"minimal","id":null,"timestamp":1779987757192}
{"type":"screen-added","file":"/Users/filippatrman/Documents/WEBY/Zakazky/trampolinycz/.superpowers/brainstorm/80712-1779987520/content/waiting-1.html"}
{"type":"screen-added","file":"/Users/filippatrman/Documents/WEBY/Zakazky/trampolinycz/.superpowers/brainstorm/80712-1779987520/content/nav-bc-comparison.html"}
{"source":"user-event","type":"click","text":"C — Minimalistický\n      44px, hamburger jen čáry. Čistší, ale méně výrazný.","choice":"C","id":null,"timestamp":1779988151996}
{"type":"screen-added","file":"/Users/filippatrman/Documents/WEBY/Zakazky/trampolinycz/.superpowers/brainstorm/80712-1779987520/content/badges.html"}
{"source":"user-event","type":"click","text":"B — Zmenšit\n      Badge zůstane i na mobilu ale bude diskrétnější. Méně změn v kódu.","choice":"smaller","id":null,"timestamp":1779988811793}
{"type":"screen-added","file":"/Users/filippatrman/Documents/WEBY/Zakazky/trampolinycz/.superpowers/brainstorm/80712-1779987520/content/waiting-2.html"}
{"type":"server-stopped","reason":"idle timeout"}
